[ '2015_05_01-7_0_1_Vrt i kamp.dump',
  '2015_05_01-7_0_1_Tekstil za ku$anstvo, njega obu$e, $arape.dump',
  '2015_05_01-7_0_1_Tehnika.dump',
  '2015_05_01-7_0_1_Sve za dom.dump',
  '2015_05_01-7_0_1_Pi$a.dump',
  '2015_05_01-7_0_1_Ljepota i njega.dump',
  '2015_05_01-7_0_1_Ku$ni ljubimci.dump',
  '2015_05_01-7_0_1_Knjige.dump',
  '2015_05_01-7_0_1_Kiosk.dump',
  '2015_05_01-7_0_1_K Plus.dump',
  '2015_05_01-7_0_1_Igra$ke.dump',
  '2015_05_01-7_0_1_Hrana.dump',
  '2015_05_01-7_0_1_Dje$ji svijet.dump',
  '2015_04_30-7_0_2_Vrt i kamp.dump',
  '2015_04_30-7_0_2_Tekstil za ku$anstvo, njega obu$e, $arape.dump',
  '2015_04_30-7_0_2_Tehnika.dump',
  '2015_04_30-7_0_2_Sve za dom.dump',
  '2015_04_30-7_0_2_Pi$a.dump',
  '2015_04_30-7_0_2_Ljepota i njega.dump',
  '2015_04_30-7_0_2_Ku$ni ljubimci.dump',
  '2015_04_30-7_0_2_Knjige.dump',
  '2015_04_30-7_0_2_Kiosk.dump',
  '2015_04_30-7_0_2_K Plus.dump',
  '2015_04_30-7_0_2_Igra$ke.dump',
  '2015_04_30-7_0_2_Hrana.dump',
  '2015_04_30-7_0_2_Dje$ji svijet.dump',
  '2015_04_29-7_0_1_Vrt i kamp.dump',
  '2015_04_29-7_0_1_Tekstil za ku$anstvo, njega obu$e, $arape.dump',
  '2015_04_29-7_0_1_Tehnika.dump',
  '2015_04_29-7_0_1_Sve za dom.dump',
  '2015_04_29-7_0_1_Pi$a.dump',
  '2015_04_29-7_0_1_Ljepota i njega.dump',
  '2015_04_29-7_0_1_Ku$ni ljubimci.dump',
  '2015_04_29-7_0_1_Knjige.dump',
  '2015_04_29-7_0_1_Kiosk.dump' ]
start 2015_05_01-7_0_1_Vrt i kamp.dump
end 2015_05_01-7_0_1_Vrt i kamp.dump
start 2015_05_01-7_0_1_Tekstil za ku$anstvo, njega obu$e, $arape.dump
end 2015_05_01-7_0_1_Tekstil za ku$anstvo, njega obu$e, $arape.dump
start 2015_05_01-7_0_1_Tehnika.dump
end 2015_05_01-7_0_1_Tehnika.dump
start 2015_05_01-7_0_1_Sve za dom.dump
end 2015_05_01-7_0_1_Sve za dom.dump
start 2015_05_01-7_0_1_Pi$a.dump
end 2015_05_01-7_0_1_Pi$a.dump
start 2015_05_01-7_0_1_Ljepota i njega.dump
end 2015_05_01-7_0_1_Ljepota i njega.dump
start 2015_05_01-7_0_1_Ku$ni ljubimci.dump
end 2015_05_01-7_0_1_Ku$ni ljubimci.dump
start 2015_05_01-7_0_1_Knjige.dump
end 2015_05_01-7_0_1_Knjige.dump
start 2015_05_01-7_0_1_Kiosk.dump
end 2015_05_01-7_0_1_Kiosk.dump
start 2015_05_01-7_0_1_K Plus.dump
end 2015_05_01-7_0_1_K Plus.dump
start 2015_05_01-7_0_1_Igra$ke.dump



start 2015_04_28-7_0_1_Igra$ke.dump
end 2015_04_28-7_0_1_Igra$ke.dump


start 2015_04_24-7_0_1_Kiosk.dump
end 2015_04_24-7_0_1_Kiosk.dump

end 2015_04_22-7_0_1_Sve za dom.dump
start 2015_04_22-7_0_1_Pi$a.dump


start 2015_04_12-7_0_1_Tehnika.dump
end 2015_04_12-7_0_1_Tehnika.dump


start 2015_04_10-7_0_1_Tehnika.dump
end 2015_04_10-7_0_1_Tehnika.dump